This file contains any messages produced by compilers while
running configure, to aid debugging if configure makes a mistake.

configure:652: gcc -E conftest.c
configure:769: gcc -E  conftest.c >/dev/null 2>conftest.out
configure:857: gcc -E  conftest.c >/dev/null 2>conftest.out
configure:853:10: fatal error: minix/config.h: No such file or directory
  853 | #include <minix/config.h>
      |          ^~~~~~~~~~~~~~~~
compilation terminated.
configure:905: gcc -o conftest -g -O   conftest.c  1>&5
configure:902:1: warning: return type defaults to 'int' [-Wimplicit-int]
  902 | main(){return(0);}
      | ^~~~
configure:931: gcc -E  conftest.c >/dev/null 2>conftest.out
configure:996: gcc -o conftest -g -O   conftest.c  1>&5
configure: In function 'main':
configure:991:67: warning: implicit declaration of function 'exit' [-Wimplicit-function-declaration]
  991 | if (XOR (islower (i), ISLOWER (i)) || toupper (i) != TOUPPER (i)) exit(2);
      |                                                                   ^~~~
configure:987:1: note: include '<stdlib.h>' or provide a declaration of 'exit'
  986 | #include <ctype.h>
  +++ |+#include <stdlib.h>
  987 | #define ISLOWER(c) ('a' <= (c) && (c) <= 'z')
configure:991:67: warning: incompatible implicit declaration of built-in function 'exit' [-Wbuiltin-declaration-mismatch]
  991 | if (XOR (islower (i), ISLOWER (i)) || toupper (i) != TOUPPER (i)) exit(2);
      |                                                                   ^~~~
configure:991:67: note: include '<stdlib.h>' or provide a declaration of 'exit'
configure:992:1: warning: incompatible implicit declaration of built-in function 'exit' [-Wbuiltin-declaration-mismatch]
  992 | exit (0); }
      | ^~~~
configure:992:1: note: include '<stdlib.h>' or provide a declaration of 'exit'
configure:1033: gcc -c -g -O  conftest.c 1>&5
configure:1076: gcc -o conftest -g -O   conftest.c -ldir   1>&5
/usr/bin/ld: cannot find -ldir: No such file or directory
collect2: error: ld returned 1 exit status
configure:1221: gcc -c -g -O  conftest.c 1>&5
configure:1252: gcc -E  conftest.c >/dev/null 2>conftest.out
configure:1252: gcc -E  conftest.c >/dev/null 2>conftest.out
configure:1252: gcc -E  conftest.c >/dev/null 2>conftest.out
configure:1252: gcc -E  conftest.c >/dev/null 2>conftest.out
configure:1252: gcc -E  conftest.c >/dev/null 2>conftest.out
configure:1252: gcc -E  conftest.c >/dev/null 2>conftest.out
configure:1252: gcc -E  conftest.c >/dev/null 2>conftest.out
configure:1291: gcc -c conftest.c -o conftest.o 1>&5
conftest.c:1:1: warning: return type defaults to 'int' [-Wimplicit-int]
    1 | foo(){}
      | ^~~
configure:1292: gcc -c conftest.c -o conftest.o 1>&5
conftest.c:1:1: warning: return type defaults to 'int' [-Wimplicit-int]
    1 | foo(){}
      | ^~~
configure:1297: cc -c conftest.c 1>&5
conftest.c:1:1: warning: return type defaults to 'int' [-Wimplicit-int]
    1 | foo(){}
      | ^~~
configure:1299: cc -c conftest.c -o conftest.o 1>&5
conftest.c:1:1: warning: return type defaults to 'int' [-Wimplicit-int]
    1 | foo(){}
      | ^~~
configure:1300: cc -c conftest.c -o conftest.o 1>&5
conftest.c:1:1: warning: return type defaults to 'int' [-Wimplicit-int]
    1 | foo(){}
      | ^~~
configure:1381: gcc -c -g -O  conftest.c 1>&5
configure:1491: gcc -o conftest -g -O   conftest.c  1>&5
configure:1491: gcc -o conftest -g -O   conftest.c  1>&5
/usr/bin/ld: /tmp/ccS6uYZJ.o: in function `t':
/home/test/big-drive/subjects/make/tmp/make-3.75/configure:1485: warning: the use of `mktemp' is dangerous, better use `mkstemp' or `mkdtemp'
configure:1491: gcc -o conftest -g -O   conftest.c  1>&5
configure:1491: gcc -o conftest -g -O   conftest.c  1>&5
configure:1491: gcc -o conftest -g -O   conftest.c  1>&5
configure:1491: gcc -o conftest -g -O   conftest.c  1>&5
configure:1491: gcc -o conftest -g -O   conftest.c  1>&5
configure:1491: gcc -o conftest -g -O   conftest.c  1>&5
configure:1491: gcc -o conftest -g -O   conftest.c  1>&5
configure:1491: gcc -o conftest -g -O   conftest.c  1>&5
configure:1491: gcc -o conftest -g -O   conftest.c  1>&5
configure:1491: gcc -o conftest -g -O   conftest.c  1>&5
configure:1491: gcc -o conftest -g -O   conftest.c  1>&5
configure:1526: gcc -o conftest -g -O   conftest.c  1>&5
configure: In function 't':
configure:1522:29: warning: implicit declaration of function 'puts' [-Wimplicit-function-declaration]
 1522 | extern char *sys_siglist[]; puts(*sys_siglist);
      |                             ^~~~
configure:1519:1: note: include '<stdio.h>' or provide a declaration of 'puts'
 1518 | #include "confdefs.h"
  +++ |+#include <stdio.h>
 1519 | 
/usr/bin/ld: /tmp/ccfIv7xl.o: warning: relocation against `sys_siglist' in read-only section `.text'
/usr/bin/ld: /tmp/ccfIv7xl.o: in function `t':
/home/test/big-drive/subjects/make/tmp/make-3.75/configure:1522: undefined reference to `sys_siglist'
/usr/bin/ld: warning: creating DT_TEXTREL in a PIE
collect2: error: ld returned 1 exit status
configure:1560: gcc -o conftest -g -O   conftest.c  1>&5
configure:1608: gcc -o conftest -g -O   conftest.c  1>&5
configure:1775: gcc -E  conftest.c >/dev/null 2>conftest.out
configure:1771:10: fatal error: vfork.h: No such file or directory
 1771 | #include <vfork.h>
      |          ^~~~~~~~~
compilation terminated.
configure:1943: gcc -o conftest -g -O   conftest.c  1>&5
configure:1871:1: warning: return type defaults to 'int' [-Wimplicit-int]
 1871 | sparc_address_test (arg) int arg;
      | ^~~~~~~~~~~~~~~~~~
configure:1886:1: warning: return type defaults to 'int' [-Wimplicit-int]
 1886 | main() {
      | ^~~~
configure: In function 'main':
configure:1924:12: warning: implicit declaration of function 'wait' [-Wimplicit-function-declaration]
 1924 |     while (wait(&status) != child)
      |            ^~~~
configure:1926:5: warning: implicit declaration of function 'exit' [-Wimplicit-function-declaration]
 1926 |     exit(
      |     ^~~~
configure:1857:1: note: include '<stdlib.h>' or provide a declaration of 'exit'
 1856 | #include <unistd.h>
  +++ |+#include <stdlib.h>
 1857 | #endif
configure:1926:5: warning: incompatible implicit declaration of built-in function 'exit' [-Wbuiltin-declaration-mismatch]
 1926 |     exit(
      |     ^~~~
configure:1926:5: note: include '<stdlib.h>' or provide a declaration of 'exit'
configure: In function 'sparc_address_test':
configure:1881:7: warning: ignoring return value of 'write' declared with attribute 'warn_unused_result' [-Wunused-result]
 1881 |       write(-1, "", 0);
      |       ^~~~~~~~~~~~~~~~
configure:1983: gcc -o conftest -g -O   conftest.c  1>&5
configure:1972:1: warning: return type defaults to 'int' [-Wimplicit-int]
 1972 | main () {
      | ^~~~
configure: In function 'main':
configure:1976:23: warning: passing argument 2 of 'setvbuf' makes pointer from integer without a cast [-Wint-conversion]
 1976 |   if (setvbuf(stdout, _IOLBF, (char *) main, BUFSIZ) != 0)
      |                       ^~~~~~
      |                       |
      |                       int
In file included from configure:1970:
/usr/include/stdio.h:332:65: note: expected 'char * restrict' but argument is of type 'int'
  332 | extern int setvbuf (FILE *__restrict __stream, char *__restrict __buf,
      |                                                ~~~~~~~~~~~~~~~~~^~~~~
configure:1976:31: warning: passing argument 3 of 'setvbuf' makes integer from pointer without a cast [-Wint-conversion]
 1976 |   if (setvbuf(stdout, _IOLBF, (char *) main, BUFSIZ) != 0)
      |                               ^~~~~~~~~~~~~
      |                               |
      |                               char *
In file included from configure:1970:
/usr/include/stdio.h:333:25: note: expected 'int' but argument is of type 'char *'
  333 |                     int __modes, size_t __n) __THROW;
      |                     ~~~~^~~~~~~
configure:1977:5: warning: implicit declaration of function 'exit' [-Wimplicit-function-declaration]
 1977 |     exit(1);
      |     ^~~~
configure:1971:1: note: include '<stdlib.h>' or provide a declaration of 'exit'
 1970 | #include <stdio.h>
  +++ |+#include <stdlib.h>
 1971 | /* If setvbuf has the reversed format, exit 0. */
configure:1977:5: warning: incompatible implicit declaration of built-in function 'exit' [-Wbuiltin-declaration-mismatch]
 1977 |     exit(1);
      |     ^~~~
configure:1977:5: note: include '<stdlib.h>' or provide a declaration of 'exit'
configure:1979:3: warning: incompatible implicit declaration of built-in function 'exit' [-Wbuiltin-declaration-mismatch]
 1979 |   exit(0);                      /* Non-reversed systems segv here.  */
      |   ^~~~
configure:1979:3: note: include '<stdlib.h>' or provide a declaration of 'exit'
configure:2027: gcc -o conftest -g -O   conftest.c -lelf   1>&5
/usr/bin/ld: cannot find -lelf: No such file or directory
collect2: error: ld returned 1 exit status
configure:2065: gcc -o conftest -g -O   conftest.c -lkvm   1>&5
/usr/bin/ld: cannot find -lkvm: No such file or directory
collect2: error: ld returned 1 exit status
configure:2104: gcc -o conftest -g -O   conftest.c -lutil   1>&5
configure:2200: gcc -o conftest -g -O   conftest.c -lutil  1>&5
configure:2573: gcc -o conftest -g -O   conftest.c -lutil  1>&5
configure:2565:1: warning: return type defaults to 'int' [-Wimplicit-int]
 2565 | main ()
      | ^~~~
configure: In function 'main':
configure:2567:3: warning: implicit declaration of function 'exit' [-Wimplicit-function-declaration]
 2567 |   exit (strcoll ("abc", "def") >= 0 ||
      |   ^~~~
configure:2565:1: note: include '<stdlib.h>' or provide a declaration of 'exit'
 2564 | #include <string.h>
  +++ |+#include <stdlib.h>
 2565 | main ()
configure:2567:3: warning: incompatible implicit declaration of built-in function 'exit' [-Wbuiltin-declaration-mismatch]
 2567 |   exit (strcoll ("abc", "def") >= 0 ||
      |   ^~~~
configure:2567:3: note: include '<stdlib.h>' or provide a declaration of 'exit'
configure:2606: gcc -E  conftest.c >/dev/null 2>conftest.out
configure:2660: gcc -o conftest -g -O   conftest.c -lutil  1>&5
configure:2660: gcc -o conftest -g -O   conftest.c -lutil  1>&5
configure:2711: gcc -o conftest -g -O   conftest.c -lutil  1>&5
configure: In function 't':
configure:2692:12: error: storage size of 'status' isn't known
 2692 | union wait status; int pid; pid = wait (&status);
      |            ^~~~~~
configure:2700:4: error: 'blow' undeclared (first use in this function)
 2700 | -- blow chunks here --
      |    ^~~~
configure:2700:4: note: each undeclared identifier is reported only once for each function it appears in
configure:2700:8: error: expected ';' before 'chunks'
 2700 | -- blow chunks here --
      |        ^~~~~~~
      |        ;
configure:2748: gcc -c -g -O  conftest.c 1>&5
configure: In function 't':
configure:2744:15: error: 'sys_siglist' undeclared (first use in this function)
 2744 | char *msg = *(sys_siglist + 1);
      |               ^~~~~~~~~~~
configure:2744:15: note: each undeclared identifier is reported only once for each function it appears in
configure:2790: gcc -o conftest -g -O   conftest.c -lsun  -lutil  1>&5
/usr/bin/ld: cannot find -lsun: No such file or directory
collect2: error: ld returned 1 exit status
